<?xml version="1.0" encoding="UTF-8"?>
<testng-results skipped="0" failed="0" ignored="0" total="2" passed="2">
  <reporter-output>
  </reporter-output>
  <suite name="Suite" duration-ms="80" started-at="2018-05-26T13:21:41Z" finished-at="2018-05-26T13:21:41Z">
    <groups>
    </groups>
    <test name="Test" duration-ms="80" started-at="2018-05-26T13:21:41Z" finished-at="2018-05-26T13:21:41Z">
      <class name="Pack.TCs">
        <test-method status="PASS" signature="tc_001()[pri:0, instance:Pack.TCs@675d3402]" name="tc_001" duration-ms="22" started-at="2018-05-26T13:21:41Z" finished-at="2018-05-26T13:21:41Z">
          <reporter-output>
          </reporter-output>
        </test-method> <!-- tc_001 -->
        <test-method status="PASS" signature="tc_002()[pri:0, instance:Pack.TCs@675d3402]" name="tc_002" duration-ms="2" started-at="2018-05-26T13:21:41Z" finished-at="2018-05-26T13:21:41Z">
          <reporter-output>
          </reporter-output>
        </test-method> <!-- tc_002 -->
      </class> <!-- Pack.TCs -->
    </test> <!-- Test -->
  </suite> <!-- Suite -->
</testng-results>
